2016-04-27 01:06:40 Error: [MissingControllerException] Controller class PropertiesController could not be found.
Exception Attributes: array (
  'class' => 'PropertiesController',
  'plugin' => NULL,
)
Request URL: /real_estate/
Stack Trace:
#0 C:\xampp\htdocs\real_estate\app\webroot\index.php(108): Dispatcher->dispatch(Object(CakeRequest), Object(CakeResponse))
#1 {main}
2016-04-27 01:11:32 Error: [MissingViewException] View file "C:\xampp\htdocs\real_estate\app\View\Properties\index.ctp" is missing.
Exception Attributes: array (
  'file' => 'C:\\xampp\\htdocs\\real_estate\\app\\View\\Properties\\index.ctp',
)
Request URL: /real_estate/
Stack Trace:
#0 C:\xampp\htdocs\real_estate\lib\Cake\View\View.php(468): View->_getViewFileName(NULL)
#1 C:\xampp\htdocs\real_estate\lib\Cake\Controller\Controller.php(954): View->render(NULL, NULL)
#2 C:\xampp\htdocs\real_estate\lib\Cake\Routing\Dispatcher.php(198): Controller->render()
#3 C:\xampp\htdocs\real_estate\lib\Cake\Routing\Dispatcher.php(165): Dispatcher->_invoke(Object(PropertiesController), Object(CakeRequest))
#4 C:\xampp\htdocs\real_estate\app\webroot\index.php(108): Dispatcher->dispatch(Object(CakeRequest), Object(CakeResponse))
#5 {main}
2016-04-27 01:17:23 Error: Fatal Error (4): syntax error, unexpected 'echo' (T_ECHO) in [C:\xampp\htdocs\real_estate\app\View\Properties\index.ctp, line 2]
2016-04-27 01:17:23 Error: [FatalErrorException] syntax error, unexpected 'echo' (T_ECHO)
Request URL: /real_estate/
Stack Trace:
#0 C:\xampp\htdocs\real_estate\lib\Cake\Error\ErrorHandler.php(204): ErrorHandler::handleFatalError(4, 'syntax error, u...', 'C:\\xampp\\htdocs...', 2)
#1 [internal function]: ErrorHandler::handleError(4, 'syntax error, u...', 'C:\\xampp\\htdocs...', 2, Array)
#2 C:\xampp\htdocs\real_estate\lib\Cake\Core\App.php(929): call_user_func('ErrorHandler::h...', 4, 'syntax error, u...', 'C:\\xampp\\htdocs...', 2, Array)
#3 C:\xampp\htdocs\real_estate\lib\Cake\Core\App.php(902): App::_checkFatalError()
#4 [internal function]: App::shutdown()
#5 {main}
2016-04-27 01:29:28 Error: [MissingControllerException] Controller class CssController could not be found.
Exception Attributes: array (
  'class' => 'CssController',
  'plugin' => NULL,
)
Request URL: /real_estate/css/css/img/gray_jean.png
Stack Trace:
#0 C:\xampp\htdocs\real_estate\app\webroot\index.php(108): Dispatcher->dispatch(Object(CakeRequest), Object(CakeResponse))
#1 {main}
2016-04-27 01:31:58 Error: [MissingControllerException] Controller class CssController could not be found.
Exception Attributes: array (
  'class' => 'CssController',
  'plugin' => NULL,
)
Request URL: /real_estate/css/css/img/gray_jean.png
Stack Trace:
#0 C:\xampp\htdocs\real_estate\app\webroot\index.php(108): Dispatcher->dispatch(Object(CakeRequest), Object(CakeResponse))
#1 {main}
2016-04-27 01:31:59 Error: [MissingControllerException] Controller class Login.htmlController could not be found.
Exception Attributes: array (
  'class' => 'Login.htmlController',
  'plugin' => NULL,
)
Request URL: /real_estate/login.html
Stack Trace:
#0 C:\xampp\htdocs\real_estate\app\webroot\index.php(108): Dispatcher->dispatch(Object(CakeRequest), Object(CakeResponse))
#1 {main}
2016-04-27 01:32:00 Error: [MissingControllerException] Controller class CssController could not be found.
Exception Attributes: array (
  'class' => 'CssController',
  'plugin' => NULL,
)
Request URL: /real_estate/css/css/img/gray_jean.png
Stack Trace:
#0 C:\xampp\htdocs\real_estate\app\webroot\index.php(108): Dispatcher->dispatch(Object(CakeRequest), Object(CakeResponse))
#1 {main}
2016-04-27 01:32:01 Error: [MissingControllerException] Controller class Login.htmlController could not be found.
Exception Attributes: array (
  'class' => 'Login.htmlController',
  'plugin' => NULL,
)
Request URL: /real_estate/login.html
Stack Trace:
#0 C:\xampp\htdocs\real_estate\app\webroot\index.php(108): Dispatcher->dispatch(Object(CakeRequest), Object(CakeResponse))
#1 {main}
2016-04-27 01:32:01 Error: [MissingControllerException] Controller class CssController could not be found.
Exception Attributes: array (
  'class' => 'CssController',
  'plugin' => NULL,
)
Request URL: /real_estate/css/css/img/gray_jean.png
Stack Trace:
#0 C:\xampp\htdocs\real_estate\app\webroot\index.php(108): Dispatcher->dispatch(Object(CakeRequest), Object(CakeResponse))
#1 {main}
2016-04-27 01:32:06 Error: [MissingControllerException] Controller class Details.htmlController could not be found.
Exception Attributes: array (
  'class' => 'Details.htmlController',
  'plugin' => NULL,
)
Request URL: /real_estate/details.html
Stack Trace:
#0 C:\xampp\htdocs\real_estate\app\webroot\index.php(108): Dispatcher->dispatch(Object(CakeRequest), Object(CakeResponse))
#1 {main}
2016-04-27 01:32:06 Error: [MissingControllerException] Controller class CssController could not be found.
Exception Attributes: array (
  'class' => 'CssController',
  'plugin' => NULL,
)
Request URL: /real_estate/css/css/img/gray_jean.png
Stack Trace:
#0 C:\xampp\htdocs\real_estate\app\webroot\index.php(108): Dispatcher->dispatch(Object(CakeRequest), Object(CakeResponse))
#1 {main}
2016-04-27 01:32:09 Error: [MissingControllerException] Controller class Register.htmlController could not be found.
Exception Attributes: array (
  'class' => 'Register.htmlController',
  'plugin' => NULL,
)
Request URL: /real_estate/register.html
Stack Trace:
#0 C:\xampp\htdocs\real_estate\app\webroot\index.php(108): Dispatcher->dispatch(Object(CakeRequest), Object(CakeResponse))
#1 {main}
2016-04-27 01:32:10 Error: [MissingControllerException] Controller class CssController could not be found.
Exception Attributes: array (
  'class' => 'CssController',
  'plugin' => NULL,
)
Request URL: /real_estate/css/css/img/gray_jean.png
Stack Trace:
#0 C:\xampp\htdocs\real_estate\app\webroot\index.php(108): Dispatcher->dispatch(Object(CakeRequest), Object(CakeResponse))
#1 {main}
2016-04-27 01:32:11 Error: [MissingControllerException] Controller class Register.htmlController could not be found.
Exception Attributes: array (
  'class' => 'Register.htmlController',
  'plugin' => NULL,
)
Request URL: /real_estate/register.html
Stack Trace:
#0 C:\xampp\htdocs\real_estate\app\webroot\index.php(108): Dispatcher->dispatch(Object(CakeRequest), Object(CakeResponse))
#1 {main}
2016-04-27 01:32:11 Error: [MissingControllerException] Controller class CssController could not be found.
Exception Attributes: array (
  'class' => 'CssController',
  'plugin' => NULL,
)
Request URL: /real_estate/css/css/img/gray_jean.png
Stack Trace:
#0 C:\xampp\htdocs\real_estate\app\webroot\index.php(108): Dispatcher->dispatch(Object(CakeRequest), Object(CakeResponse))
#1 {main}
2016-04-27 01:32:11 Error: [MissingControllerException] Controller class Login.htmlController could not be found.
Exception Attributes: array (
  'class' => 'Login.htmlController',
  'plugin' => NULL,
)
Request URL: /real_estate/login.html
Stack Trace:
#0 C:\xampp\htdocs\real_estate\app\webroot\index.php(108): Dispatcher->dispatch(Object(CakeRequest), Object(CakeResponse))
#1 {main}
2016-04-27 01:32:12 Error: [MissingControllerException] Controller class CssController could not be found.
Exception Attributes: array (
  'class' => 'CssController',
  'plugin' => NULL,
)
Request URL: /real_estate/css/css/img/gray_jean.png
Stack Trace:
#0 C:\xampp\htdocs\real_estate\app\webroot\index.php(108): Dispatcher->dispatch(Object(CakeRequest), Object(CakeResponse))
#1 {main}
2016-04-27 01:32:12 Error: [MissingControllerException] Controller class Register.htmlController could not be found.
Exception Attributes: array (
  'class' => 'Register.htmlController',
  'plugin' => NULL,
)
Request URL: /real_estate/register.html
Stack Trace:
#0 C:\xampp\htdocs\real_estate\app\webroot\index.php(108): Dispatcher->dispatch(Object(CakeRequest), Object(CakeResponse))
#1 {main}
2016-04-27 01:32:13 Error: [MissingControllerException] Controller class CssController could not be found.
Exception Attributes: array (
  'class' => 'CssController',
  'plugin' => NULL,
)
Request URL: /real_estate/css/css/img/gray_jean.png
Stack Trace:
#0 C:\xampp\htdocs\real_estate\app\webroot\index.php(108): Dispatcher->dispatch(Object(CakeRequest), Object(CakeResponse))
#1 {main}
2016-04-27 01:33:54 Error: [MissingControllerException] Controller class Register.htmlController could not be found.
Exception Attributes: array (
  'class' => 'Register.htmlController',
  'plugin' => NULL,
)
Request URL: /real_estate/register.html
Stack Trace:
#0 C:\xampp\htdocs\real_estate\app\webroot\index.php(108): Dispatcher->dispatch(Object(CakeRequest), Object(CakeResponse))
#1 {main}
2016-04-27 01:33:54 Error: [MissingControllerException] Controller class CssController could not be found.
Exception Attributes: array (
  'class' => 'CssController',
  'plugin' => NULL,
)
Request URL: /real_estate/css/css/img/gray_jean.png
Stack Trace:
#0 C:\xampp\htdocs\real_estate\app\webroot\index.php(108): Dispatcher->dispatch(Object(CakeRequest), Object(CakeResponse))
#1 {main}
2016-04-27 01:38:58 Error: [MissingControllerException] Controller class Register.htmlController could not be found.
Exception Attributes: array (
  'class' => 'Register.htmlController',
  'plugin' => NULL,
)
Request URL: /real_estate/register.html
Stack Trace:
#0 C:\xampp\htdocs\real_estate\app\webroot\index.php(108): Dispatcher->dispatch(Object(CakeRequest), Object(CakeResponse))
#1 {main}
2016-04-27 01:38:58 Error: Fatal Error (4): syntax error, unexpected 'echo' (T_ECHO) in [C:\xampp\htdocs\real_estate\app\View\Layouts\default.ctp, line 25]
2016-04-27 01:38:58 Error: [FatalErrorException] syntax error, unexpected 'echo' (T_ECHO)
Request URL: /real_estate/register.html
Stack Trace:
#0 C:\xampp\htdocs\real_estate\lib\Cake\Error\ErrorHandler.php(204): ErrorHandler::handleFatalError(4, 'syntax error, u...', 'C:\\xampp\\htdocs...', 25)
#1 [internal function]: ErrorHandler::handleError(4, 'syntax error, u...', 'C:\\xampp\\htdocs...', 25, Array)
#2 C:\xampp\htdocs\real_estate\lib\Cake\Core\App.php(929): call_user_func('ErrorHandler::h...', 4, 'syntax error, u...', 'C:\\xampp\\htdocs...', 25, Array)
#3 C:\xampp\htdocs\real_estate\lib\Cake\Core\App.php(902): App::_checkFatalError()
#4 [internal function]: App::shutdown()
#5 {main}
2016-04-27 01:39:33 Error: [MissingControllerException] Controller class Register.htmlController could not be found.
Exception Attributes: array (
  'class' => 'Register.htmlController',
  'plugin' => NULL,
)
Request URL: /real_estate/register.html
Stack Trace:
#0 C:\xampp\htdocs\real_estate\app\webroot\index.php(108): Dispatcher->dispatch(Object(CakeRequest), Object(CakeResponse))
#1 {main}
2016-04-27 01:39:34 Error: [MissingControllerException] Controller class CssController could not be found.
Exception Attributes: array (
  'class' => 'CssController',
  'plugin' => NULL,
)
Request URL: /real_estate/css/css/img/gray_jean.png
Stack Trace:
#0 C:\xampp\htdocs\real_estate\app\webroot\index.php(108): Dispatcher->dispatch(Object(CakeRequest), Object(CakeResponse))
#1 {main}
2016-04-27 01:39:35 Error: [MissingControllerException] Controller class UsersController could not be found.
Exception Attributes: array (
  'class' => 'UsersController',
  'plugin' => NULL,
)
Request URL: /real_estate/users/register
Stack Trace:
#0 C:\xampp\htdocs\real_estate\app\webroot\index.php(108): Dispatcher->dispatch(Object(CakeRequest), Object(CakeResponse))
#1 {main}
2016-04-27 01:39:36 Error: [MissingControllerException] Controller class CssController could not be found.
Exception Attributes: array (
  'class' => 'CssController',
  'plugin' => NULL,
)
Request URL: /real_estate/css/css/img/gray_jean.png
Stack Trace:
#0 C:\xampp\htdocs\real_estate\app\webroot\index.php(108): Dispatcher->dispatch(Object(CakeRequest), Object(CakeResponse))
#1 {main}
2016-04-27 01:39:36 Error: [MissingControllerException] Controller class UsersController could not be found.
Exception Attributes: array (
  'class' => 'UsersController',
  'plugin' => NULL,
)
Request URL: /real_estate/users/login
Stack Trace:
#0 C:\xampp\htdocs\real_estate\app\webroot\index.php(108): Dispatcher->dispatch(Object(CakeRequest), Object(CakeResponse))
#1 {main}
2016-04-27 01:39:37 Error: [MissingControllerException] Controller class CssController could not be found.
Exception Attributes: array (
  'class' => 'CssController',
  'plugin' => NULL,
)
Request URL: /real_estate/css/css/img/gray_jean.png
Stack Trace:
#0 C:\xampp\htdocs\real_estate\app\webroot\index.php(108): Dispatcher->dispatch(Object(CakeRequest), Object(CakeResponse))
#1 {main}
2016-04-27 01:39:37 Error: [MissingControllerException] Controller class CssController could not be found.
Exception Attributes: array (
  'class' => 'CssController',
  'plugin' => NULL,
)
Request URL: /real_estate/css/css/img/gray_jean.png
Stack Trace:
#0 C:\xampp\htdocs\real_estate\app\webroot\index.php(108): Dispatcher->dispatch(Object(CakeRequest), Object(CakeResponse))
#1 {main}
2016-04-27 01:44:57 Error: [MissingControllerException] Controller class CssController could not be found.
Exception Attributes: array (
  'class' => 'CssController',
  'plugin' => NULL,
)
Request URL: /real_estate/css/css/img/gray_jean.png
Stack Trace:
#0 C:\xampp\htdocs\real_estate\app\webroot\index.php(108): Dispatcher->dispatch(Object(CakeRequest), Object(CakeResponse))
#1 {main}
2016-04-27 01:44:58 Error: [MissingControllerException] Controller class UsersController could not be found.
Exception Attributes: array (
  'class' => 'UsersController',
  'plugin' => NULL,
)
Request URL: /real_estate/users/register
Stack Trace:
#0 C:\xampp\htdocs\real_estate\app\webroot\index.php(108): Dispatcher->dispatch(Object(CakeRequest), Object(CakeResponse))
#1 {main}
2016-04-27 01:44:59 Error: [MissingControllerException] Controller class CssController could not be found.
Exception Attributes: array (
  'class' => 'CssController',
  'plugin' => NULL,
)
Request URL: /real_estate/css/css/img/gray_jean.png
Stack Trace:
#0 C:\xampp\htdocs\real_estate\app\webroot\index.php(108): Dispatcher->dispatch(Object(CakeRequest), Object(CakeResponse))
#1 {main}
2016-04-27 01:45:00 Error: [MissingControllerException] Controller class UsersController could not be found.
Exception Attributes: array (
  'class' => 'UsersController',
  'plugin' => NULL,
)
Request URL: /real_estate/users/login
Stack Trace:
#0 C:\xampp\htdocs\real_estate\app\webroot\index.php(108): Dispatcher->dispatch(Object(CakeRequest), Object(CakeResponse))
#1 {main}
2016-04-27 01:45:00 Error: [MissingControllerException] Controller class CssController could not be found.
Exception Attributes: array (
  'class' => 'CssController',
  'plugin' => NULL,
)
Request URL: /real_estate/css/css/img/gray_jean.png
Stack Trace:
#0 C:\xampp\htdocs\real_estate\app\webroot\index.php(108): Dispatcher->dispatch(Object(CakeRequest), Object(CakeResponse))
#1 {main}
2016-04-27 01:45:03 Error: [MissingControllerException] Controller class UsersController could not be found.
Exception Attributes: array (
  'class' => 'UsersController',
  'plugin' => NULL,
)
Request URL: /real_estate/users/register
Stack Trace:
#0 C:\xampp\htdocs\real_estate\app\webroot\index.php(108): Dispatcher->dispatch(Object(CakeRequest), Object(CakeResponse))
#1 {main}
2016-04-27 01:45:03 Error: [MissingControllerException] Controller class CssController could not be found.
Exception Attributes: array (
  'class' => 'CssController',
  'plugin' => NULL,
)
Request URL: /real_estate/css/css/img/gray_jean.png
Stack Trace:
#0 C:\xampp\htdocs\real_estate\app\webroot\index.php(108): Dispatcher->dispatch(Object(CakeRequest), Object(CakeResponse))
#1 {main}
2016-04-27 01:45:04 Error: [MissingControllerException] Controller class UsersController could not be found.
Exception Attributes: array (
  'class' => 'UsersController',
  'plugin' => NULL,
)
Request URL: /real_estate/users/login
Stack Trace:
#0 C:\xampp\htdocs\real_estate\app\webroot\index.php(108): Dispatcher->dispatch(Object(CakeRequest), Object(CakeResponse))
#1 {main}
2016-04-27 01:45:04 Error: [MissingControllerException] Controller class CssController could not be found.
Exception Attributes: array (
  'class' => 'CssController',
  'plugin' => NULL,
)
Request URL: /real_estate/css/css/img/gray_jean.png
Stack Trace:
#0 C:\xampp\htdocs\real_estate\app\webroot\index.php(108): Dispatcher->dispatch(Object(CakeRequest), Object(CakeResponse))
#1 {main}
2016-04-27 01:45:05 Error: [MissingControllerException] Controller class UsersController could not be found.
Exception Attributes: array (
  'class' => 'UsersController',
  'plugin' => NULL,
)
Request URL: /real_estate/users/register
Stack Trace:
#0 C:\xampp\htdocs\real_estate\app\webroot\index.php(108): Dispatcher->dispatch(Object(CakeRequest), Object(CakeResponse))
#1 {main}
2016-04-27 01:45:06 Error: [MissingControllerException] Controller class CssController could not be found.
Exception Attributes: array (
  'class' => 'CssController',
  'plugin' => NULL,
)
Request URL: /real_estate/css/css/img/gray_jean.png
Stack Trace:
#0 C:\xampp\htdocs\real_estate\app\webroot\index.php(108): Dispatcher->dispatch(Object(CakeRequest), Object(CakeResponse))
#1 {main}
2016-04-27 01:49:52 Error: [MissingControllerException] Controller class UsersController could not be found.
Exception Attributes: array (
  'class' => 'UsersController',
  'plugin' => NULL,
)
Request URL: /real_estate/users/register
Stack Trace:
#0 C:\xampp\htdocs\real_estate\app\webroot\index.php(108): Dispatcher->dispatch(Object(CakeRequest), Object(CakeResponse))
#1 {main}
2016-04-27 01:49:53 Error: [MissingControllerException] Controller class CssController could not be found.
Exception Attributes: array (
  'class' => 'CssController',
  'plugin' => NULL,
)
Request URL: /real_estate/css/css/img/gray_jean.png
Stack Trace:
#0 C:\xampp\htdocs\real_estate\app\webroot\index.php(108): Dispatcher->dispatch(Object(CakeRequest), Object(CakeResponse))
#1 {main}
2016-04-27 01:49:56 Error: [MissingControllerException] Controller class CssController could not be found.
Exception Attributes: array (
  'class' => 'CssController',
  'plugin' => NULL,
)
Request URL: /real_estate/css/css/img/gray_jean.png
Stack Trace:
#0 C:\xampp\htdocs\real_estate\app\webroot\index.php(108): Dispatcher->dispatch(Object(CakeRequest), Object(CakeResponse))
#1 {main}
2016-04-27 01:49:57 Error: [MissingControllerException] Controller class UsersController could not be found.
Exception Attributes: array (
  'class' => 'UsersController',
  'plugin' => NULL,
)
Request URL: /real_estate/users/register
Stack Trace:
#0 C:\xampp\htdocs\real_estate\app\webroot\index.php(108): Dispatcher->dispatch(Object(CakeRequest), Object(CakeResponse))
#1 {main}
2016-04-27 01:49:57 Error: [MissingControllerException] Controller class CssController could not be found.
Exception Attributes: array (
  'class' => 'CssController',
  'plugin' => NULL,
)
Request URL: /real_estate/css/css/img/gray_jean.png
Stack Trace:
#0 C:\xampp\htdocs\real_estate\app\webroot\index.php(108): Dispatcher->dispatch(Object(CakeRequest), Object(CakeResponse))
#1 {main}
2016-04-27 01:49:58 Error: [MissingControllerException] Controller class UsersController could not be found.
Exception Attributes: array (
  'class' => 'UsersController',
  'plugin' => NULL,
)
Request URL: /real_estate/users/login
Stack Trace:
#0 C:\xampp\htdocs\real_estate\app\webroot\index.php(108): Dispatcher->dispatch(Object(CakeRequest), Object(CakeResponse))
#1 {main}
2016-04-27 01:49:58 Error: [MissingControllerException] Controller class CssController could not be found.
Exception Attributes: array (
  'class' => 'CssController',
  'plugin' => NULL,
)
Request URL: /real_estate/css/css/img/gray_jean.png
Stack Trace:
#0 C:\xampp\htdocs\real_estate\app\webroot\index.php(108): Dispatcher->dispatch(Object(CakeRequest), Object(CakeResponse))
#1 {main}
2016-04-27 01:51:27 Error: [MissingControllerException] Controller class UsersController could not be found.
Exception Attributes: array (
  'class' => 'UsersController',
  'plugin' => NULL,
)
Request URL: /real_estate/users/login
Stack Trace:
#0 C:\xampp\htdocs\real_estate\app\webroot\index.php(108): Dispatcher->dispatch(Object(CakeRequest), Object(CakeResponse))
#1 {main}
2016-04-27 01:51:28 Error: [MissingControllerException] Controller class CssController could not be found.
Exception Attributes: array (
  'class' => 'CssController',
  'plugin' => NULL,
)
Request URL: /real_estate/css/css/img/gray_jean.png
Stack Trace:
#0 C:\xampp\htdocs\real_estate\app\webroot\index.php(108): Dispatcher->dispatch(Object(CakeRequest), Object(CakeResponse))
#1 {main}
2016-04-27 01:51:40 Error: [MissingControllerException] Controller class UsersController could not be found.
Exception Attributes: array (
  'class' => 'UsersController',
  'plugin' => NULL,
)
Request URL: /real_estate/users/register
Stack Trace:
#0 C:\xampp\htdocs\real_estate\app\webroot\index.php(108): Dispatcher->dispatch(Object(CakeRequest), Object(CakeResponse))
#1 {main}
2016-04-27 01:51:41 Error: [MissingControllerException] Controller class CssController could not be found.
Exception Attributes: array (
  'class' => 'CssController',
  'plugin' => NULL,
)
Request URL: /real_estate/css/css/img/gray_jean.png
Stack Trace:
#0 C:\xampp\htdocs\real_estate\app\webroot\index.php(108): Dispatcher->dispatch(Object(CakeRequest), Object(CakeResponse))
#1 {main}
2016-04-27 01:51:42 Error: [MissingControllerException] Controller class UsersController could not be found.
Exception Attributes: array (
  'class' => 'UsersController',
  'plugin' => NULL,
)
Request URL: /real_estate/users/login
Stack Trace:
#0 C:\xampp\htdocs\real_estate\app\webroot\index.php(108): Dispatcher->dispatch(Object(CakeRequest), Object(CakeResponse))
#1 {main}
2016-04-27 01:51:43 Error: [MissingControllerException] Controller class CssController could not be found.
Exception Attributes: array (
  'class' => 'CssController',
  'plugin' => NULL,
)
Request URL: /real_estate/css/css/img/gray_jean.png
Stack Trace:
#0 C:\xampp\htdocs\real_estate\app\webroot\index.php(108): Dispatcher->dispatch(Object(CakeRequest), Object(CakeResponse))
#1 {main}
2016-04-27 01:51:46 Error: [MissingControllerException] Controller class CssController could not be found.
Exception Attributes: array (
  'class' => 'CssController',
  'plugin' => NULL,
)
Request URL: /real_estate/css/css/img/gray_jean.png
Stack Trace:
#0 C:\xampp\htdocs\real_estate\app\webroot\index.php(108): Dispatcher->dispatch(Object(CakeRequest), Object(CakeResponse))
#1 {main}
2016-04-27 01:52:55 Error: [MissingControllerException] Controller class CssController could not be found.
Exception Attributes: array (
  'class' => 'CssController',
  'plugin' => NULL,
)
Request URL: /real_estate/css/css/img/gray_jean.png
Stack Trace:
#0 C:\xampp\htdocs\real_estate\app\webroot\index.php(108): Dispatcher->dispatch(Object(CakeRequest), Object(CakeResponse))
#1 {main}
2016-04-27 01:52:57 Error: [MissingControllerException] Controller class CssController could not be found.
Exception Attributes: array (
  'class' => 'CssController',
  'plugin' => NULL,
)
Request URL: /real_estate/css/css/img/gray_jean.png
Stack Trace:
#0 C:\xampp\htdocs\real_estate\app\webroot\index.php(108): Dispatcher->dispatch(Object(CakeRequest), Object(CakeResponse))
#1 {main}
2016-04-27 01:52:59 Error: [MissingControllerException] Controller class UsersController could not be found.
Exception Attributes: array (
  'class' => 'UsersController',
  'plugin' => NULL,
)
Request URL: /real_estate/users/register
Stack Trace:
#0 C:\xampp\htdocs\real_estate\app\webroot\index.php(108): Dispatcher->dispatch(Object(CakeRequest), Object(CakeResponse))
#1 {main}
2016-04-27 01:52:59 Error: [MissingControllerException] Controller class CssController could not be found.
Exception Attributes: array (
  'class' => 'CssController',
  'plugin' => NULL,
)
Request URL: /real_estate/css/css/img/gray_jean.png
Stack Trace:
#0 C:\xampp\htdocs\real_estate\app\webroot\index.php(108): Dispatcher->dispatch(Object(CakeRequest), Object(CakeResponse))
#1 {main}
2016-04-27 01:53:00 Error: [MissingControllerException] Controller class UsersController could not be found.
Exception Attributes: array (
  'class' => 'UsersController',
  'plugin' => NULL,
)
Request URL: /real_estate/users/login
Stack Trace:
#0 C:\xampp\htdocs\real_estate\app\webroot\index.php(108): Dispatcher->dispatch(Object(CakeRequest), Object(CakeResponse))
#1 {main}
2016-04-27 01:53:00 Error: [MissingControllerException] Controller class CssController could not be found.
Exception Attributes: array (
  'class' => 'CssController',
  'plugin' => NULL,
)
Request URL: /real_estate/css/css/img/gray_jean.png
Stack Trace:
#0 C:\xampp\htdocs\real_estate\app\webroot\index.php(108): Dispatcher->dispatch(Object(CakeRequest), Object(CakeResponse))
#1 {main}
2016-04-27 01:53:01 Error: [MissingControllerException] Controller class CssController could not be found.
Exception Attributes: array (
  'class' => 'CssController',
  'plugin' => NULL,
)
Request URL: /real_estate/css/css/img/gray_jean.png
Stack Trace:
#0 C:\xampp\htdocs\real_estate\app\webroot\index.php(108): Dispatcher->dispatch(Object(CakeRequest), Object(CakeResponse))
#1 {main}
2016-04-27 01:55:37 Error: [MissingControllerException] Controller class CssController could not be found.
Exception Attributes: array (
  'class' => 'CssController',
  'plugin' => NULL,
)
Request URL: /real_estate/css/css/img/gray_jean.png
Stack Trace:
#0 C:\xampp\htdocs\real_estate\app\webroot\index.php(108): Dispatcher->dispatch(Object(CakeRequest), Object(CakeResponse))
#1 {main}
2016-04-27 01:58:46 Error: [MissingControllerException] Controller class CssController could not be found.
Exception Attributes: array (
  'class' => 'CssController',
  'plugin' => NULL,
)
Request URL: /real_estate/css/css/img/gray_jean.png
Stack Trace:
#0 C:\xampp\htdocs\real_estate\app\webroot\index.php(108): Dispatcher->dispatch(Object(CakeRequest), Object(CakeResponse))
#1 {main}
2016-04-27 02:00:20 Error: [MissingControllerException] Controller class CssController could not be found.
Exception Attributes: array (
  'class' => 'CssController',
  'plugin' => NULL,
)
Request URL: /real_estate/css/css/img/gray_jean.png
Stack Trace:
#0 C:\xampp\htdocs\real_estate\app\webroot\index.php(108): Dispatcher->dispatch(Object(CakeRequest), Object(CakeResponse))
#1 {main}
2016-04-27 02:09:57 Error: [MissingControllerException] Controller class CssController could not be found.
Exception Attributes: array (
  'class' => 'CssController',
  'plugin' => NULL,
)
Request URL: /real_estate/css/css/img/gray_jean.png
Stack Trace:
#0 C:\xampp\htdocs\real_estate\app\webroot\index.php(108): Dispatcher->dispatch(Object(CakeRequest), Object(CakeResponse))
#1 {main}
2016-04-27 02:13:10 Error: [MissingControllerException] Controller class UsersController could not be found.
Exception Attributes: array (
  'class' => 'UsersController',
  'plugin' => NULL,
)
Request URL: /real_estate/users/login
Stack Trace:
#0 C:\xampp\htdocs\real_estate\app\webroot\index.php(108): Dispatcher->dispatch(Object(CakeRequest), Object(CakeResponse))
#1 {main}
2016-04-27 02:13:11 Error: [MissingControllerException] Controller class CssController could not be found.
Exception Attributes: array (
  'class' => 'CssController',
  'plugin' => NULL,
)
Request URL: /real_estate/css/css/img/gray_jean.png
Stack Trace:
#0 C:\xampp\htdocs\real_estate\app\webroot\index.php(108): Dispatcher->dispatch(Object(CakeRequest), Object(CakeResponse))
#1 {main}
2016-04-27 02:13:13 Error: [MissingControllerException] Controller class CssController could not be found.
Exception Attributes: array (
  'class' => 'CssController',
  'plugin' => NULL,
)
Request URL: /real_estate/css/css/img/gray_jean.png
Stack Trace:
#0 C:\xampp\htdocs\real_estate\app\webroot\index.php(108): Dispatcher->dispatch(Object(CakeRequest), Object(CakeResponse))
#1 {main}
2016-04-27 02:23:23 Error: [MissingControllerException] Controller class CssController could not be found.
Exception Attributes: array (
  'class' => 'CssController',
  'plugin' => NULL,
)
Request URL: /real_estate/css/css/img/gray_jean.png
Stack Trace:
#0 C:\xampp\htdocs\real_estate\app\webroot\index.php(108): Dispatcher->dispatch(Object(CakeRequest), Object(CakeResponse))
#1 {main}
2016-04-27 02:35:01 Error: [MissingControllerException] Controller class CssController could not be found.
Exception Attributes: array (
  'class' => 'CssController',
  'plugin' => NULL,
)
Request URL: /real_estate/css/css/img/gray_jean.png
Stack Trace:
#0 C:\xampp\htdocs\real_estate\app\webroot\index.php(108): Dispatcher->dispatch(Object(CakeRequest), Object(CakeResponse))
#1 {main}
2016-04-27 02:36:23 Error: [MissingControllerException] Controller class CssController could not be found.
Exception Attributes: array (
  'class' => 'CssController',
  'plugin' => NULL,
)
Request URL: /real_estate/css/css/img/gray_jean.png
Stack Trace:
#0 C:\xampp\htdocs\real_estate\app\webroot\index.php(108): Dispatcher->dispatch(Object(CakeRequest), Object(CakeResponse))
#1 {main}
2016-04-27 02:43:14 Error: [MissingControllerException] Controller class CssController could not be found.
Exception Attributes: array (
  'class' => 'CssController',
  'plugin' => NULL,
)
Request URL: /real_estate/css/css/img/gray_jean.png
Stack Trace:
#0 C:\xampp\htdocs\real_estate\app\webroot\index.php(108): Dispatcher->dispatch(Object(CakeRequest), Object(CakeResponse))
#1 {main}
2016-04-27 02:44:06 Error: [MissingControllerException] Controller class CssController could not be found.
Exception Attributes: array (
  'class' => 'CssController',
  'plugin' => NULL,
)
Request URL: /real_estate/css/css/img/gray_jean.png
Stack Trace:
#0 C:\xampp\htdocs\real_estate\app\webroot\index.php(108): Dispatcher->dispatch(Object(CakeRequest), Object(CakeResponse))
#1 {main}
2016-04-27 02:50:18 Error: [MissingControllerException] Controller class CssController could not be found.
Exception Attributes: array (
  'class' => 'CssController',
  'plugin' => NULL,
)
Request URL: /real_estate/css/css/img/gray_jean.png
Stack Trace:
#0 C:\xampp\htdocs\real_estate\app\webroot\index.php(108): Dispatcher->dispatch(Object(CakeRequest), Object(CakeResponse))
#1 {main}
2016-04-27 02:55:55 Error: [MissingControllerException] Controller class CssController could not be found.
Exception Attributes: array (
  'class' => 'CssController',
  'plugin' => NULL,
)
Request URL: /real_estate/css/css/img/gray_jean.png
Stack Trace:
#0 C:\xampp\htdocs\real_estate\app\webroot\index.php(108): Dispatcher->dispatch(Object(CakeRequest), Object(CakeResponse))
#1 {main}
2016-04-27 02:55:57 Error: [MissingControllerException] Controller class Details.htmlController could not be found.
Exception Attributes: array (
  'class' => 'Details.htmlController',
  'plugin' => NULL,
)
Request URL: /real_estate/details.html
Stack Trace:
#0 C:\xampp\htdocs\real_estate\app\webroot\index.php(108): Dispatcher->dispatch(Object(CakeRequest), Object(CakeResponse))
#1 {main}
2016-04-27 02:55:57 Error: [MissingControllerException] Controller class CssController could not be found.
Exception Attributes: array (
  'class' => 'CssController',
  'plugin' => NULL,
)
Request URL: /real_estate/css/css/img/gray_jean.png
Stack Trace:
#0 C:\xampp\htdocs\real_estate\app\webroot\index.php(108): Dispatcher->dispatch(Object(CakeRequest), Object(CakeResponse))
#1 {main}
2016-04-27 03:00:16 Error: Fatal Error (4): syntax error, unexpected '>' in [C:\xampp\htdocs\real_estate\app\View\Properties\index.ctp, line 15]
2016-04-27 03:00:16 Error: [FatalErrorException] syntax error, unexpected '>'
Request URL: /real_estate/
Stack Trace:
#0 C:\xampp\htdocs\real_estate\lib\Cake\Error\ErrorHandler.php(204): ErrorHandler::handleFatalError(4, 'syntax error, u...', 'C:\\xampp\\htdocs...', 15)
#1 [internal function]: ErrorHandler::handleError(4, 'syntax error, u...', 'C:\\xampp\\htdocs...', 15, Array)
#2 C:\xampp\htdocs\real_estate\lib\Cake\Core\App.php(929): call_user_func('ErrorHandler::h...', 4, 'syntax error, u...', 'C:\\xampp\\htdocs...', 15, Array)
#3 C:\xampp\htdocs\real_estate\lib\Cake\Core\App.php(902): App::_checkFatalError()
#4 [internal function]: App::shutdown()
#5 {main}
2016-04-27 03:00:17 Error: [MissingControllerException] Controller class CssController could not be found.
Exception Attributes: array (
  'class' => 'CssController',
  'plugin' => NULL,
)
Request URL: /real_estate/css/css/img/gray_jean.png
Stack Trace:
#0 C:\xampp\htdocs\real_estate\app\webroot\index.php(108): Dispatcher->dispatch(Object(CakeRequest), Object(CakeResponse))
#1 {main}
2016-04-27 03:00:58 Error: Fatal Error (4): syntax error, unexpected '>' in [C:\xampp\htdocs\real_estate\app\View\Properties\index.ctp, line 15]
2016-04-27 03:00:58 Error: [FatalErrorException] syntax error, unexpected '>'
Request URL: /real_estate/
Stack Trace:
#0 C:\xampp\htdocs\real_estate\lib\Cake\Error\ErrorHandler.php(204): ErrorHandler::handleFatalError(4, 'syntax error, u...', 'C:\\xampp\\htdocs...', 15)
#1 [internal function]: ErrorHandler::handleError(4, 'syntax error, u...', 'C:\\xampp\\htdocs...', 15, Array)
#2 C:\xampp\htdocs\real_estate\lib\Cake\Core\App.php(929): call_user_func('ErrorHandler::h...', 4, 'syntax error, u...', 'C:\\xampp\\htdocs...', 15, Array)
#3 C:\xampp\htdocs\real_estate\lib\Cake\Core\App.php(902): App::_checkFatalError()
#4 [internal function]: App::shutdown()
#5 {main}
2016-04-27 03:00:58 Error: [MissingControllerException] Controller class CssController could not be found.
Exception Attributes: array (
  'class' => 'CssController',
  'plugin' => NULL,
)
Request URL: /real_estate/css/css/img/gray_jean.png
Stack Trace:
#0 C:\xampp\htdocs\real_estate\app\webroot\index.php(108): Dispatcher->dispatch(Object(CakeRequest), Object(CakeResponse))
#1 {main}
2016-04-27 03:01:33 Error: [MissingControllerException] Controller class CssController could not be found.
Exception Attributes: array (
  'class' => 'CssController',
  'plugin' => NULL,
)
Request URL: /real_estate/css/css/img/gray_jean.png
Stack Trace:
#0 C:\xampp\htdocs\real_estate\app\webroot\index.php(108): Dispatcher->dispatch(Object(CakeRequest), Object(CakeResponse))
#1 {main}
2016-04-27 03:01:36 Error: [MissingActionException] Action PropertiesController::view() could not be found.
Exception Attributes: array (
  'controller' => 'PropertiesController',
  'action' => 'view',
)
Request URL: /real_estate/properties/view/82348
Stack Trace:
#0 C:\xampp\htdocs\real_estate\lib\Cake\Routing\Dispatcher.php(191): Controller->invokeAction(Object(CakeRequest))
#1 C:\xampp\htdocs\real_estate\lib\Cake\Routing\Dispatcher.php(165): Dispatcher->_invoke(Object(PropertiesController), Object(CakeRequest))
#2 C:\xampp\htdocs\real_estate\app\webroot\index.php(108): Dispatcher->dispatch(Object(CakeRequest), Object(CakeResponse))
#3 {main}
2016-04-27 03:01:36 Error: [MissingControllerException] Controller class CssController could not be found.
Exception Attributes: array (
  'class' => 'CssController',
  'plugin' => NULL,
)
Request URL: /real_estate/css/css/img/gray_jean.png
Stack Trace:
#0 C:\xampp\htdocs\real_estate\app\webroot\index.php(108): Dispatcher->dispatch(Object(CakeRequest), Object(CakeResponse))
#1 {main}
2016-04-27 03:03:18 Error: [MissingActionException] Action PropertiesController::view() could not be found.
Exception Attributes: array (
  'controller' => 'PropertiesController',
  'action' => 'view',
)
Request URL: /real_estate/properties/view/82348
Stack Trace:
#0 C:\xampp\htdocs\real_estate\lib\Cake\Routing\Dispatcher.php(191): Controller->invokeAction(Object(CakeRequest))
#1 C:\xampp\htdocs\real_estate\lib\Cake\Routing\Dispatcher.php(165): Dispatcher->_invoke(Object(PropertiesController), Object(CakeRequest))
#2 C:\xampp\htdocs\real_estate\app\webroot\index.php(108): Dispatcher->dispatch(Object(CakeRequest), Object(CakeResponse))
#3 {main}
2016-04-27 03:03:18 Error: [MissingControllerException] Controller class CssController could not be found.
Exception Attributes: array (
  'class' => 'CssController',
  'plugin' => NULL,
)
Request URL: /real_estate/css/css/img/gray_jean.png
Stack Trace:
#0 C:\xampp\htdocs\real_estate\app\webroot\index.php(108): Dispatcher->dispatch(Object(CakeRequest), Object(CakeResponse))
#1 {main}
2016-04-27 03:05:41 Error: [MissingActionException] Action PropertiesController::view() could not be found.
Exception Attributes: array (
  'controller' => 'PropertiesController',
  'action' => 'view',
)
Request URL: /real_estate/properties/view/82348
Stack Trace:
#0 C:\xampp\htdocs\real_estate\lib\Cake\Routing\Dispatcher.php(191): Controller->invokeAction(Object(CakeRequest))
#1 C:\xampp\htdocs\real_estate\lib\Cake\Routing\Dispatcher.php(165): Dispatcher->_invoke(Object(PropertiesController), Object(CakeRequest))
#2 C:\xampp\htdocs\real_estate\app\webroot\index.php(108): Dispatcher->dispatch(Object(CakeRequest), Object(CakeResponse))
#3 {main}
2016-04-27 03:05:42 Error: [MissingControllerException] Controller class CssController could not be found.
Exception Attributes: array (
  'class' => 'CssController',
  'plugin' => NULL,
)
Request URL: /real_estate/css/css/img/gray_jean.png
Stack Trace:
#0 C:\xampp\htdocs\real_estate\app\webroot\index.php(108): Dispatcher->dispatch(Object(CakeRequest), Object(CakeResponse))
#1 {main}
2016-04-27 03:06:16 Error: [MissingActionException] Action PropertiesController::view() could not be found.
Exception Attributes: array (
  'controller' => 'PropertiesController',
  'action' => 'view',
)
Request URL: /real_estate/properties/view/82348
Stack Trace:
#0 C:\xampp\htdocs\real_estate\lib\Cake\Routing\Dispatcher.php(191): Controller->invokeAction(Object(CakeRequest))
#1 C:\xampp\htdocs\real_estate\lib\Cake\Routing\Dispatcher.php(165): Dispatcher->_invoke(Object(PropertiesController), Object(CakeRequest))
#2 C:\xampp\htdocs\real_estate\app\webroot\index.php(108): Dispatcher->dispatch(Object(CakeRequest), Object(CakeResponse))
#3 {main}
2016-04-27 03:06:17 Error: [MissingControllerException] Controller class CssController could not be found.
Exception Attributes: array (
  'class' => 'CssController',
  'plugin' => NULL,
)
Request URL: /real_estate/css/css/img/gray_jean.png
Stack Trace:
#0 C:\xampp\htdocs\real_estate\app\webroot\index.php(108): Dispatcher->dispatch(Object(CakeRequest), Object(CakeResponse))
#1 {main}
2016-04-27 03:06:27 Error: [MissingActionException] Action PropertiesController::view() could not be found.
Exception Attributes: array (
  'controller' => 'PropertiesController',
  'action' => 'view',
)
Request URL: /real_estate/properties/view/82348
Stack Trace:
#0 C:\xampp\htdocs\real_estate\lib\Cake\Routing\Dispatcher.php(191): Controller->invokeAction(Object(CakeRequest))
#1 C:\xampp\htdocs\real_estate\lib\Cake\Routing\Dispatcher.php(165): Dispatcher->_invoke(Object(PropertiesController), Object(CakeRequest))
#2 C:\xampp\htdocs\real_estate\app\webroot\index.php(108): Dispatcher->dispatch(Object(CakeRequest), Object(CakeResponse))
#3 {main}
2016-04-27 03:06:28 Error: [MissingControllerException] Controller class CssController could not be found.
Exception Attributes: array (
  'class' => 'CssController',
  'plugin' => NULL,
)
Request URL: /real_estate/css/css/img/gray_jean.png
Stack Trace:
#0 C:\xampp\htdocs\real_estate\app\webroot\index.php(108): Dispatcher->dispatch(Object(CakeRequest), Object(CakeResponse))
#1 {main}
2016-04-27 03:06:45 Error: [MissingActionException] Action PropertiesController::view() could not be found.
Exception Attributes: array (
  'controller' => 'PropertiesController',
  'action' => 'view',
)
Request URL: /real_estate/properties/view/82348
Stack Trace:
#0 C:\xampp\htdocs\real_estate\lib\Cake\Routing\Dispatcher.php(191): Controller->invokeAction(Object(CakeRequest))
#1 C:\xampp\htdocs\real_estate\lib\Cake\Routing\Dispatcher.php(165): Dispatcher->_invoke(Object(PropertiesController), Object(CakeRequest))
#2 C:\xampp\htdocs\real_estate\app\webroot\index.php(108): Dispatcher->dispatch(Object(CakeRequest), Object(CakeResponse))
#3 {main}
2016-04-27 03:06:46 Error: [MissingControllerException] Controller class CssController could not be found.
Exception Attributes: array (
  'class' => 'CssController',
  'plugin' => NULL,
)
Request URL: /real_estate/css/css/img/gray_jean.png
Stack Trace:
#0 C:\xampp\htdocs\real_estate\app\webroot\index.php(108): Dispatcher->dispatch(Object(CakeRequest), Object(CakeResponse))
#1 {main}
2016-04-27 03:07:57 Error: [MissingActionException] Action PropertiesController::view() could not be found.
Exception Attributes: array (
  'controller' => 'PropertiesController',
  'action' => 'view',
)
Request URL: /real_estate/properties/view/82348
Stack Trace:
#0 C:\xampp\htdocs\real_estate\lib\Cake\Routing\Dispatcher.php(191): Controller->invokeAction(Object(CakeRequest))
#1 C:\xampp\htdocs\real_estate\lib\Cake\Routing\Dispatcher.php(165): Dispatcher->_invoke(Object(PropertiesController), Object(CakeRequest))
#2 C:\xampp\htdocs\real_estate\app\webroot\index.php(108): Dispatcher->dispatch(Object(CakeRequest), Object(CakeResponse))
#3 {main}
2016-04-27 03:07:57 Error: [MissingControllerException] Controller class CssController could not be found.
Exception Attributes: array (
  'class' => 'CssController',
  'plugin' => NULL,
)
Request URL: /real_estate/css/css/img/gray_jean.png
Stack Trace:
#0 C:\xampp\htdocs\real_estate\app\webroot\index.php(108): Dispatcher->dispatch(Object(CakeRequest), Object(CakeResponse))
#1 {main}
2016-04-27 03:09:14 Error: [MissingActionException] Action PropertiesController::view() could not be found.
Exception Attributes: array (
  'controller' => 'PropertiesController',
  'action' => 'view',
)
Request URL: /real_estate/properties/view/82348
Stack Trace:
#0 C:\xampp\htdocs\real_estate\lib\Cake\Routing\Dispatcher.php(191): Controller->invokeAction(Object(CakeRequest))
#1 C:\xampp\htdocs\real_estate\lib\Cake\Routing\Dispatcher.php(165): Dispatcher->_invoke(Object(PropertiesController), Object(CakeRequest))
#2 C:\xampp\htdocs\real_estate\app\webroot\index.php(108): Dispatcher->dispatch(Object(CakeRequest), Object(CakeResponse))
#3 {main}
2016-04-27 03:09:15 Error: [MissingControllerException] Controller class CssController could not be found.
Exception Attributes: array (
  'class' => 'CssController',
  'plugin' => NULL,
)
Request URL: /real_estate/css/css/img/gray_jean.png
Stack Trace:
#0 C:\xampp\htdocs\real_estate\app\webroot\index.php(108): Dispatcher->dispatch(Object(CakeRequest), Object(CakeResponse))
#1 {main}
2016-04-27 03:13:27 Error: [MissingActionException] Action PropertiesController::view() could not be found.
Exception Attributes: array (
  'controller' => 'PropertiesController',
  'action' => 'view',
)
Request URL: /real_estate/properties/view/82348
Stack Trace:
#0 C:\xampp\htdocs\real_estate\lib\Cake\Routing\Dispatcher.php(191): Controller->invokeAction(Object(CakeRequest))
#1 C:\xampp\htdocs\real_estate\lib\Cake\Routing\Dispatcher.php(165): Dispatcher->_invoke(Object(PropertiesController), Object(CakeRequest))
#2 C:\xampp\htdocs\real_estate\app\webroot\index.php(108): Dispatcher->dispatch(Object(CakeRequest), Object(CakeResponse))
#3 {main}
2016-04-27 03:13:28 Error: [MissingControllerException] Controller class CssController could not be found.
Exception Attributes: array (
  'class' => 'CssController',
  'plugin' => NULL,
)
Request URL: /real_estate/css/css/img/gray_jean.png
Stack Trace:
#0 C:\xampp\htdocs\real_estate\app\webroot\index.php(108): Dispatcher->dispatch(Object(CakeRequest), Object(CakeResponse))
#1 {main}
2016-04-27 03:13:54 Error: [MissingActionException] Action PropertiesController::view() could not be found.
Exception Attributes: array (
  'controller' => 'PropertiesController',
  'action' => 'view',
)
Request URL: /real_estate/properties/view/82348
Stack Trace:
#0 C:\xampp\htdocs\real_estate\lib\Cake\Routing\Dispatcher.php(191): Controller->invokeAction(Object(CakeRequest))
#1 C:\xampp\htdocs\real_estate\lib\Cake\Routing\Dispatcher.php(165): Dispatcher->_invoke(Object(PropertiesController), Object(CakeRequest))
#2 C:\xampp\htdocs\real_estate\app\webroot\index.php(108): Dispatcher->dispatch(Object(CakeRequest), Object(CakeResponse))
#3 {main}
2016-04-27 03:13:54 Error: [MissingControllerException] Controller class CssController could not be found.
Exception Attributes: array (
  'class' => 'CssController',
  'plugin' => NULL,
)
Request URL: /real_estate/css/css/img/gray_jean.png
Stack Trace:
#0 C:\xampp\htdocs\real_estate\app\webroot\index.php(108): Dispatcher->dispatch(Object(CakeRequest), Object(CakeResponse))
#1 {main}
2016-04-27 03:15:15 Error: [MissingActionException] Action PropertiesController::view() could not be found.
Exception Attributes: array (
  'controller' => 'PropertiesController',
  'action' => 'view',
)
Request URL: /real_estate/properties/view/82348
Stack Trace:
#0 C:\xampp\htdocs\real_estate\lib\Cake\Routing\Dispatcher.php(191): Controller->invokeAction(Object(CakeRequest))
#1 C:\xampp\htdocs\real_estate\lib\Cake\Routing\Dispatcher.php(165): Dispatcher->_invoke(Object(PropertiesController), Object(CakeRequest))
#2 C:\xampp\htdocs\real_estate\app\webroot\index.php(108): Dispatcher->dispatch(Object(CakeRequest), Object(CakeResponse))
#3 {main}
2016-04-27 03:15:15 Error: [MissingControllerException] Controller class CssController could not be found.
Exception Attributes: array (
  'class' => 'CssController',
  'plugin' => NULL,
)
Request URL: /real_estate/css/css/img/gray_jean.png
Stack Trace:
#0 C:\xampp\htdocs\real_estate\app\webroot\index.php(108): Dispatcher->dispatch(Object(CakeRequest), Object(CakeResponse))
#1 {main}
2016-04-27 03:17:03 Error: [MissingActionException] Action PropertiesController::view() could not be found.
Exception Attributes: array (
  'controller' => 'PropertiesController',
  'action' => 'view',
)
Request URL: /real_estate/properties/view/82348
Stack Trace:
#0 C:\xampp\htdocs\real_estate\lib\Cake\Routing\Dispatcher.php(191): Controller->invokeAction(Object(CakeRequest))
#1 C:\xampp\htdocs\real_estate\lib\Cake\Routing\Dispatcher.php(165): Dispatcher->_invoke(Object(PropertiesController), Object(CakeRequest))
#2 C:\xampp\htdocs\real_estate\app\webroot\index.php(108): Dispatcher->dispatch(Object(CakeRequest), Object(CakeResponse))
#3 {main}
2016-04-27 03:17:04 Error: [MissingControllerException] Controller class CssController could not be found.
Exception Attributes: array (
  'class' => 'CssController',
  'plugin' => NULL,
)
Request URL: /real_estate/css/css/img/gray_jean.png
Stack Trace:
#0 C:\xampp\htdocs\real_estate\app\webroot\index.php(108): Dispatcher->dispatch(Object(CakeRequest), Object(CakeResponse))
#1 {main}
2016-04-27 03:20:32 Error: [MissingActionException] Action PropertiesController::view() could not be found.
Exception Attributes: array (
  'controller' => 'PropertiesController',
  'action' => 'view',
)
Request URL: /real_estate/properties/view/82348
Stack Trace:
#0 C:\xampp\htdocs\real_estate\lib\Cake\Routing\Dispatcher.php(191): Controller->invokeAction(Object(CakeRequest))
#1 C:\xampp\htdocs\real_estate\lib\Cake\Routing\Dispatcher.php(165): Dispatcher->_invoke(Object(PropertiesController), Object(CakeRequest))
#2 C:\xampp\htdocs\real_estate\app\webroot\index.php(108): Dispatcher->dispatch(Object(CakeRequest), Object(CakeResponse))
#3 {main}
2016-04-27 03:20:33 Error: [MissingControllerException] Controller class CssController could not be found.
Exception Attributes: array (
  'class' => 'CssController',
  'plugin' => NULL,
)
Request URL: /real_estate/css/css/img/gray_jean.png
Stack Trace:
#0 C:\xampp\htdocs\real_estate\app\webroot\index.php(108): Dispatcher->dispatch(Object(CakeRequest), Object(CakeResponse))
#1 {main}
2016-04-27 03:21:24 Error: [MissingViewException] View file "C:\xampp\htdocs\real_estate\app\View\Properties\view.ctp" is missing.
Exception Attributes: array (
  'file' => 'C:\\xampp\\htdocs\\real_estate\\app\\View\\Properties\\view.ctp',
)
Request URL: /real_estate/properties/view/82348
Stack Trace:
#0 C:\xampp\htdocs\real_estate\lib\Cake\View\View.php(468): View->_getViewFileName(NULL)
#1 C:\xampp\htdocs\real_estate\lib\Cake\Controller\Controller.php(954): View->render(NULL, NULL)
#2 C:\xampp\htdocs\real_estate\lib\Cake\Routing\Dispatcher.php(198): Controller->render()
#3 C:\xampp\htdocs\real_estate\lib\Cake\Routing\Dispatcher.php(165): Dispatcher->_invoke(Object(PropertiesController), Object(CakeRequest))
#4 C:\xampp\htdocs\real_estate\app\webroot\index.php(108): Dispatcher->dispatch(Object(CakeRequest), Object(CakeResponse))
#5 {main}
2016-04-27 03:21:25 Error: [MissingControllerException] Controller class CssController could not be found.
Exception Attributes: array (
  'class' => 'CssController',
  'plugin' => NULL,
)
Request URL: /real_estate/css/css/img/gray_jean.png
Stack Trace:
#0 C:\xampp\htdocs\real_estate\app\webroot\index.php(108): Dispatcher->dispatch(Object(CakeRequest), Object(CakeResponse))
#1 {main}
2016-04-27 03:22:42 Error: [MissingActionException] Action PropertiesController::view() could not be found.
Exception Attributes: array (
  'controller' => 'PropertiesController',
  'action' => 'view',
)
Request URL: /real_estate/properties/view/82348
Stack Trace:
#0 C:\xampp\htdocs\real_estate\lib\Cake\Routing\Dispatcher.php(191): Controller->invokeAction(Object(CakeRequest))
#1 C:\xampp\htdocs\real_estate\lib\Cake\Routing\Dispatcher.php(165): Dispatcher->_invoke(Object(PropertiesController), Object(CakeRequest))
#2 C:\xampp\htdocs\real_estate\app\webroot\index.php(108): Dispatcher->dispatch(Object(CakeRequest), Object(CakeResponse))
#3 {main}
2016-04-27 03:22:43 Error: [MissingControllerException] Controller class CssController could not be found.
Exception Attributes: array (
  'class' => 'CssController',
  'plugin' => NULL,
)
Request URL: /real_estate/css/css/img/gray_jean.png
Stack Trace:
#0 C:\xampp\htdocs\real_estate\app\webroot\index.php(108): Dispatcher->dispatch(Object(CakeRequest), Object(CakeResponse))
#1 {main}
2016-04-27 03:26:06 Error: [MissingActionException] Action PropertiesController::view() could not be found.
Exception Attributes: array (
  'controller' => 'PropertiesController',
  'action' => 'view',
)
Request URL: /real_estate/properties/view/82348
Stack Trace:
#0 C:\xampp\htdocs\real_estate\lib\Cake\Routing\Dispatcher.php(191): Controller->invokeAction(Object(CakeRequest))
#1 C:\xampp\htdocs\real_estate\lib\Cake\Routing\Dispatcher.php(165): Dispatcher->_invoke(Object(PropertiesController), Object(CakeRequest))
#2 C:\xampp\htdocs\real_estate\app\webroot\index.php(108): Dispatcher->dispatch(Object(CakeRequest), Object(CakeResponse))
#3 {main}
2016-04-27 03:26:07 Error: [MissingControllerException] Controller class CssController could not be found.
Exception Attributes: array (
  'class' => 'CssController',
  'plugin' => NULL,
)
Request URL: /real_estate/css/css/img/gray_jean.png
Stack Trace:
#0 C:\xampp\htdocs\real_estate\app\webroot\index.php(108): Dispatcher->dispatch(Object(CakeRequest), Object(CakeResponse))
#1 {main}
2016-04-27 03:27:59 Error: [MissingActionException] Action PropertiesController::view() could not be found.
Exception Attributes: array (
  'controller' => 'PropertiesController',
  'action' => 'view',
)
Request URL: /real_estate/properties/view/82348
Stack Trace:
#0 C:\xampp\htdocs\real_estate\lib\Cake\Routing\Dispatcher.php(191): Controller->invokeAction(Object(CakeRequest))
#1 C:\xampp\htdocs\real_estate\lib\Cake\Routing\Dispatcher.php(165): Dispatcher->_invoke(Object(PropertiesController), Object(CakeRequest))
#2 C:\xampp\htdocs\real_estate\app\webroot\index.php(108): Dispatcher->dispatch(Object(CakeRequest), Object(CakeResponse))
#3 {main}
2016-04-27 03:28:00 Error: [MissingControllerException] Controller class CssController could not be found.
Exception Attributes: array (
  'class' => 'CssController',
  'plugin' => NULL,
)
Request URL: /real_estate/css/css/img/gray_jean.png
Stack Trace:
#0 C:\xampp\htdocs\real_estate\app\webroot\index.php(108): Dispatcher->dispatch(Object(CakeRequest), Object(CakeResponse))
#1 {main}
2016-04-27 03:28:23 Error: [MissingActionException] Action PropertiesController::view() could not be found.
Exception Attributes: array (
  'controller' => 'PropertiesController',
  'action' => 'view',
)
Request URL: /real_estate/properties/view/82348
Stack Trace:
#0 C:\xampp\htdocs\real_estate\lib\Cake\Routing\Dispatcher.php(191): Controller->invokeAction(Object(CakeRequest))
#1 C:\xampp\htdocs\real_estate\lib\Cake\Routing\Dispatcher.php(165): Dispatcher->_invoke(Object(PropertiesController), Object(CakeRequest))
#2 C:\xampp\htdocs\real_estate\app\webroot\index.php(108): Dispatcher->dispatch(Object(CakeRequest), Object(CakeResponse))
#3 {main}
2016-04-27 03:28:23 Error: [MissingControllerException] Controller class CssController could not be found.
Exception Attributes: array (
  'class' => 'CssController',
  'plugin' => NULL,
)
Request URL: /real_estate/css/css/img/gray_jean.png
Stack Trace:
#0 C:\xampp\htdocs\real_estate\app\webroot\index.php(108): Dispatcher->dispatch(Object(CakeRequest), Object(CakeResponse))
#1 {main}
2016-04-27 03:28:30 Error: [MissingActionException] Action PropertiesController::view() could not be found.
Exception Attributes: array (
  'controller' => 'PropertiesController',
  'action' => 'view',
)
Request URL: /real_estate/properties/view/82348
Stack Trace:
#0 C:\xampp\htdocs\real_estate\lib\Cake\Routing\Dispatcher.php(191): Controller->invokeAction(Object(CakeRequest))
#1 C:\xampp\htdocs\real_estate\lib\Cake\Routing\Dispatcher.php(165): Dispatcher->_invoke(Object(PropertiesController), Object(CakeRequest))
#2 C:\xampp\htdocs\real_estate\app\webroot\index.php(108): Dispatcher->dispatch(Object(CakeRequest), Object(CakeResponse))
#3 {main}
2016-04-27 03:28:31 Error: [MissingControllerException] Controller class CssController could not be found.
Exception Attributes: array (
  'class' => 'CssController',
  'plugin' => NULL,
)
Request URL: /real_estate/css/css/img/gray_jean.png
Stack Trace:
#0 C:\xampp\htdocs\real_estate\app\webroot\index.php(108): Dispatcher->dispatch(Object(CakeRequest), Object(CakeResponse))
#1 {main}
2016-04-27 03:30:57 Error: [MissingActionException] Action PropertiesController::view() could not be found.
Exception Attributes: array (
  'controller' => 'PropertiesController',
  'action' => 'view',
)
Request URL: /real_estate/properties/view/82348
Stack Trace:
#0 C:\xampp\htdocs\real_estate\lib\Cake\Routing\Dispatcher.php(191): Controller->invokeAction(Object(CakeRequest))
#1 C:\xampp\htdocs\real_estate\lib\Cake\Routing\Dispatcher.php(165): Dispatcher->_invoke(Object(PropertiesController), Object(CakeRequest))
#2 C:\xampp\htdocs\real_estate\app\webroot\index.php(108): Dispatcher->dispatch(Object(CakeRequest), Object(CakeResponse))
#3 {main}
2016-04-27 03:30:58 Error: [MissingControllerException] Controller class CssController could not be found.
Exception Attributes: array (
  'class' => 'CssController',
  'plugin' => NULL,
)
Request URL: /real_estate/css/css/img/gray_jean.png
Stack Trace:
#0 C:\xampp\htdocs\real_estate\app\webroot\index.php(108): Dispatcher->dispatch(Object(CakeRequest), Object(CakeResponse))
#1 {main}
2016-04-27 03:34:57 Error: [MissingActionException] Action PropertiesController::view() could not be found.
Exception Attributes: array (
  'controller' => 'PropertiesController',
  'action' => 'view',
)
Request URL: /real_estate/properties/view/82348
Stack Trace:
#0 C:\xampp\htdocs\real_estate\lib\Cake\Routing\Dispatcher.php(191): Controller->invokeAction(Object(CakeRequest))
#1 C:\xampp\htdocs\real_estate\lib\Cake\Routing\Dispatcher.php(165): Dispatcher->_invoke(Object(PropertiesController), Object(CakeRequest))
#2 C:\xampp\htdocs\real_estate\app\webroot\index.php(108): Dispatcher->dispatch(Object(CakeRequest), Object(CakeResponse))
#3 {main}
2016-04-27 03:34:58 Error: [MissingControllerException] Controller class CssController could not be found.
Exception Attributes: array (
  'class' => 'CssController',
  'plugin' => NULL,
)
Request URL: /real_estate/css/css/img/gray_jean.png
Stack Trace:
#0 C:\xampp\htdocs\real_estate\app\webroot\index.php(108): Dispatcher->dispatch(Object(CakeRequest), Object(CakeResponse))
#1 {main}
2016-04-27 03:35:03 Error: [MissingControllerException] Controller class CssController could not be found.
Exception Attributes: array (
  'class' => 'CssController',
  'plugin' => NULL,
)
Request URL: /real_estate/css/css/img/gray_jean.png
Stack Trace:
#0 C:\xampp\htdocs\real_estate\app\webroot\index.php(108): Dispatcher->dispatch(Object(CakeRequest), Object(CakeResponse))
#1 {main}
2016-04-27 03:37:17 Error: [MissingControllerException] Controller class CssController could not be found.
Exception Attributes: array (
  'class' => 'CssController',
  'plugin' => NULL,
)
Request URL: /real_estate/css/css/img/gray_jean.png
Stack Trace:
#0 C:\xampp\htdocs\real_estate\app\webroot\index.php(108): Dispatcher->dispatch(Object(CakeRequest), Object(CakeResponse))
#1 {main}
2016-04-27 03:37:38 Error: [MissingControllerException] Controller class CssController could not be found.
Exception Attributes: array (
  'class' => 'CssController',
  'plugin' => NULL,
)
Request URL: /real_estate/css/css/img/gray_jean.png
Stack Trace:
#0 C:\xampp\htdocs\real_estate\app\webroot\index.php(108): Dispatcher->dispatch(Object(CakeRequest), Object(CakeResponse))
#1 {main}
2016-04-27 03:52:22 Error: [MissingControllerException] Controller class CssController could not be found.
Exception Attributes: array (
  'class' => 'CssController',
  'plugin' => NULL,
)
Request URL: /real_estate/css/css/img/gray_jean.png
Stack Trace:
#0 C:\xampp\htdocs\real_estate\app\webroot\index.php(108): Dispatcher->dispatch(Object(CakeRequest), Object(CakeResponse))
#1 {main}
2016-04-27 03:54:02 Error: [MissingControllerException] Controller class CssController could not be found.
Exception Attributes: array (
  'class' => 'CssController',
  'plugin' => NULL,
)
Request URL: /real_estate/css/css/img/gray_jean.png
Stack Trace:
#0 C:\xampp\htdocs\real_estate\app\webroot\index.php(108): Dispatcher->dispatch(Object(CakeRequest), Object(CakeResponse))
#1 {main}
2016-04-27 03:58:28 Error: [MissingControllerException] Controller class CssController could not be found.
Exception Attributes: array (
  'class' => 'CssController',
  'plugin' => NULL,
)
Request URL: /real_estate/css/css/img/gray_jean.png
Stack Trace:
#0 C:\xampp\htdocs\real_estate\app\webroot\index.php(108): Dispatcher->dispatch(Object(CakeRequest), Object(CakeResponse))
#1 {main}
2016-04-27 03:58:41 Error: [MissingControllerException] Controller class CssController could not be found.
Exception Attributes: array (
  'class' => 'CssController',
  'plugin' => NULL,
)
Request URL: /real_estate/css/css/img/gray_jean.png
Stack Trace:
#0 C:\xampp\htdocs\real_estate\app\webroot\index.php(108): Dispatcher->dispatch(Object(CakeRequest), Object(CakeResponse))
#1 {main}
2016-04-27 03:59:16 Error: [MissingControllerException] Controller class CssController could not be found.
Exception Attributes: array (
  'class' => 'CssController',
  'plugin' => NULL,
)
Request URL: /real_estate/css/css/img/gray_jean.png
Stack Trace:
#0 C:\xampp\htdocs\real_estate\app\webroot\index.php(108): Dispatcher->dispatch(Object(CakeRequest), Object(CakeResponse))
#1 {main}
2016-04-27 04:00:18 Error: [MissingControllerException] Controller class CssController could not be found.
Exception Attributes: array (
  'class' => 'CssController',
  'plugin' => NULL,
)
Request URL: /real_estate/css/css/img/gray_jean.png
Stack Trace:
#0 C:\xampp\htdocs\real_estate\app\webroot\index.php(108): Dispatcher->dispatch(Object(CakeRequest), Object(CakeResponse))
#1 {main}
2016-04-27 04:00:21 Error: [MissingControllerException] Controller class CssController could not be found.
Exception Attributes: array (
  'class' => 'CssController',
  'plugin' => NULL,
)
Request URL: /real_estate/css/css/img/gray_jean.png
Stack Trace:
#0 C:\xampp\htdocs\real_estate\app\webroot\index.php(108): Dispatcher->dispatch(Object(CakeRequest), Object(CakeResponse))
#1 {main}
2016-04-27 04:00:56 Error: [MissingControllerException] Controller class CssController could not be found.
Exception Attributes: array (
  'class' => 'CssController',
  'plugin' => NULL,
)
Request URL: /real_estate/css/css/img/gray_jean.png
Stack Trace:
#0 C:\xampp\htdocs\real_estate\app\webroot\index.php(108): Dispatcher->dispatch(Object(CakeRequest), Object(CakeResponse))
#1 {main}
2016-04-27 04:01:02 Error: [MissingControllerException] Controller class UsersController could not be found.
Exception Attributes: array (
  'class' => 'UsersController',
  'plugin' => NULL,
)
Request URL: /real_estate/users/register
Stack Trace:
#0 C:\xampp\htdocs\real_estate\app\webroot\index.php(108): Dispatcher->dispatch(Object(CakeRequest), Object(CakeResponse))
#1 {main}
2016-04-27 04:01:03 Error: [MissingControllerException] Controller class CssController could not be found.
Exception Attributes: array (
  'class' => 'CssController',
  'plugin' => NULL,
)
Request URL: /real_estate/css/css/img/gray_jean.png
Stack Trace:
#0 C:\xampp\htdocs\real_estate\app\webroot\index.php(108): Dispatcher->dispatch(Object(CakeRequest), Object(CakeResponse))
#1 {main}
2016-04-27 04:01:04 Error: [MissingControllerException] Controller class CssController could not be found.
Exception Attributes: array (
  'class' => 'CssController',
  'plugin' => NULL,
)
Request URL: /real_estate/css/css/img/gray_jean.png
Stack Trace:
#0 C:\xampp\htdocs\real_estate\app\webroot\index.php(108): Dispatcher->dispatch(Object(CakeRequest), Object(CakeResponse))
#1 {main}
2016-04-27 04:01:06 Error: [MissingControllerException] Controller class CssController could not be found.
Exception Attributes: array (
  'class' => 'CssController',
  'plugin' => NULL,
)
Request URL: /real_estate/css/css/img/gray_jean.png
Stack Trace:
#0 C:\xampp\htdocs\real_estate\app\webroot\index.php(108): Dispatcher->dispatch(Object(CakeRequest), Object(CakeResponse))
#1 {main}
2016-04-27 04:02:58 Error: [MissingControllerException] Controller class CssController could not be found.
Exception Attributes: array (
  'class' => 'CssController',
  'plugin' => NULL,
)
Request URL: /real_estate/css/css/img/gray_jean.png
Stack Trace:
#0 C:\xampp\htdocs\real_estate\app\webroot\index.php(108): Dispatcher->dispatch(Object(CakeRequest), Object(CakeResponse))
#1 {main}
2016-04-27 04:06:53 Error: [MissingControllerException] Controller class CssController could not be found.
Exception Attributes: array (
  'class' => 'CssController',
  'plugin' => NULL,
)
Request URL: /real_estate/css/css/img/gray_jean.png
Stack Trace:
#0 C:\xampp\htdocs\real_estate\app\webroot\index.php(108): Dispatcher->dispatch(Object(CakeRequest), Object(CakeResponse))
#1 {main}
2016-04-27 04:07:34 Error: [MissingControllerException] Controller class CssController could not be found.
Exception Attributes: array (
  'class' => 'CssController',
  'plugin' => NULL,
)
Request URL: /real_estate/css/css/img/gray_jean.png
Stack Trace:
#0 C:\xampp\htdocs\real_estate\app\webroot\index.php(108): Dispatcher->dispatch(Object(CakeRequest), Object(CakeResponse))
#1 {main}
2016-04-27 04:07:47 Error: [MissingControllerException] Controller class CssController could not be found.
Exception Attributes: array (
  'class' => 'CssController',
  'plugin' => NULL,
)
Request URL: /real_estate/css/css/img/gray_jean.png
Stack Trace:
#0 C:\xampp\htdocs\real_estate\app\webroot\index.php(108): Dispatcher->dispatch(Object(CakeRequest), Object(CakeResponse))
#1 {main}
2016-04-27 04:09:29 Error: [MissingControllerException] Controller class CssController could not be found.
Exception Attributes: array (
  'class' => 'CssController',
  'plugin' => NULL,
)
Request URL: /real_estate/css/css/img/gray_jean.png
Stack Trace:
#0 C:\xampp\htdocs\real_estate\app\webroot\index.php(108): Dispatcher->dispatch(Object(CakeRequest), Object(CakeResponse))
#1 {main}
2016-04-27 04:09:38 Error: [MissingControllerException] Controller class CssController could not be found.
Exception Attributes: array (
  'class' => 'CssController',
  'plugin' => NULL,
)
Request URL: /real_estate/css/css/img/gray_jean.png
Stack Trace:
#0 C:\xampp\htdocs\real_estate\app\webroot\index.php(108): Dispatcher->dispatch(Object(CakeRequest), Object(CakeResponse))
#1 {main}
2016-04-27 04:10:04 Error: [MissingControllerException] Controller class CssController could not be found.
Exception Attributes: array (
  'class' => 'CssController',
  'plugin' => NULL,
)
Request URL: /real_estate/css/css/img/gray_jean.png
Stack Trace:
#0 C:\xampp\htdocs\real_estate\app\webroot\index.php(108): Dispatcher->dispatch(Object(CakeRequest), Object(CakeResponse))
#1 {main}
2016-04-27 04:13:14 Error: [MissingControllerException] Controller class CssController could not be found.
Exception Attributes: array (
  'class' => 'CssController',
  'plugin' => NULL,
)
Request URL: /real_estate/css/css/img/gray_jean.png
Stack Trace:
#0 C:\xampp\htdocs\real_estate\app\webroot\index.php(108): Dispatcher->dispatch(Object(CakeRequest), Object(CakeResponse))
#1 {main}
2016-04-27 04:15:21 Error: [MissingControllerException] Controller class CssController could not be found.
Exception Attributes: array (
  'class' => 'CssController',
  'plugin' => NULL,
)
Request URL: /real_estate/css/css/img/gray_jean.png
Stack Trace:
#0 C:\xampp\htdocs\real_estate\app\webroot\index.php(108): Dispatcher->dispatch(Object(CakeRequest), Object(CakeResponse))
#1 {main}
2016-04-27 04:18:39 Error: [MissingControllerException] Controller class CssController could not be found.
Exception Attributes: array (
  'class' => 'CssController',
  'plugin' => NULL,
)
Request URL: /real_estate/css/css/img/gray_jean.png
Stack Trace:
#0 C:\xampp\htdocs\real_estate\app\webroot\index.php(108): Dispatcher->dispatch(Object(CakeRequest), Object(CakeResponse))
#1 {main}
2016-04-27 04:18:57 Error: [MissingControllerException] Controller class CssController could not be found.
Exception Attributes: array (
  'class' => 'CssController',
  'plugin' => NULL,
)
Request URL: /real_estate/css/css/img/gray_jean.png
Stack Trace:
#0 C:\xampp\htdocs\real_estate\app\webroot\index.php(108): Dispatcher->dispatch(Object(CakeRequest), Object(CakeResponse))
#1 {main}
2016-04-27 04:19:18 Error: [MissingControllerException] Controller class CssController could not be found.
Exception Attributes: array (
  'class' => 'CssController',
  'plugin' => NULL,
)
Request URL: /real_estate/css/css/img/gray_jean.png
Stack Trace:
#0 C:\xampp\htdocs\real_estate\app\webroot\index.php(108): Dispatcher->dispatch(Object(CakeRequest), Object(CakeResponse))
#1 {main}
2016-04-27 04:20:19 Error: [MissingControllerException] Controller class CssController could not be found.
Exception Attributes: array (
  'class' => 'CssController',
  'plugin' => NULL,
)
Request URL: /real_estate/css/css/img/gray_jean.png
Stack Trace:
#0 C:\xampp\htdocs\real_estate\app\webroot\index.php(108): Dispatcher->dispatch(Object(CakeRequest), Object(CakeResponse))
#1 {main}
2016-04-27 04:20:47 Error: [MissingControllerException] Controller class CssController could not be found.
Exception Attributes: array (
  'class' => 'CssController',
  'plugin' => NULL,
)
Request URL: /real_estate/css/css/img/gray_jean.png
Stack Trace:
#0 C:\xampp\htdocs\real_estate\app\webroot\index.php(108): Dispatcher->dispatch(Object(CakeRequest), Object(CakeResponse))
#1 {main}
2016-04-27 04:20:58 Error: [MissingControllerException] Controller class CssController could not be found.
Exception Attributes: array (
  'class' => 'CssController',
  'plugin' => NULL,
)
Request URL: /real_estate/css/css/img/gray_jean.png
Stack Trace:
#0 C:\xampp\htdocs\real_estate\app\webroot\index.php(108): Dispatcher->dispatch(Object(CakeRequest), Object(CakeResponse))
#1 {main}
2016-04-27 04:21:27 Error: [MissingControllerException] Controller class CssController could not be found.
Exception Attributes: array (
  'class' => 'CssController',
  'plugin' => NULL,
)
Request URL: /real_estate/css/css/img/gray_jean.png
Stack Trace:
#0 C:\xampp\htdocs\real_estate\app\webroot\index.php(108): Dispatcher->dispatch(Object(CakeRequest), Object(CakeResponse))
#1 {main}
2016-04-27 04:21:58 Error: [MissingControllerException] Controller class CssController could not be found.
Exception Attributes: array (
  'class' => 'CssController',
  'plugin' => NULL,
)
Request URL: /real_estate/css/css/img/gray_jean.png
Stack Trace:
#0 C:\xampp\htdocs\real_estate\app\webroot\index.php(108): Dispatcher->dispatch(Object(CakeRequest), Object(CakeResponse))
#1 {main}
2016-04-27 04:22:33 Error: [MissingControllerException] Controller class CssController could not be found.
Exception Attributes: array (
  'class' => 'CssController',
  'plugin' => NULL,
)
Request URL: /real_estate/css/css/img/gray_jean.png
Stack Trace:
#0 C:\xampp\htdocs\real_estate\app\webroot\index.php(108): Dispatcher->dispatch(Object(CakeRequest), Object(CakeResponse))
#1 {main}
2016-04-27 04:23:02 Error: [MissingControllerException] Controller class CssController could not be found.
Exception Attributes: array (
  'class' => 'CssController',
  'plugin' => NULL,
)
Request URL: /real_estate/css/css/img/gray_jean.png
Stack Trace:
#0 C:\xampp\htdocs\real_estate\app\webroot\index.php(108): Dispatcher->dispatch(Object(CakeRequest), Object(CakeResponse))
#1 {main}
2016-04-27 04:24:36 Error: [MissingControllerException] Controller class UsersController could not be found.
Exception Attributes: array (
  'class' => 'UsersController',
  'plugin' => NULL,
)
Request URL: /real_estate/users/register
Stack Trace:
#0 C:\xampp\htdocs\real_estate\app\webroot\index.php(108): Dispatcher->dispatch(Object(CakeRequest), Object(CakeResponse))
#1 {main}
2016-04-27 04:24:37 Error: [MissingControllerException] Controller class CssController could not be found.
Exception Attributes: array (
  'class' => 'CssController',
  'plugin' => NULL,
)
Request URL: /real_estate/css/css/img/gray_jean.png
Stack Trace:
#0 C:\xampp\htdocs\real_estate\app\webroot\index.php(108): Dispatcher->dispatch(Object(CakeRequest), Object(CakeResponse))
#1 {main}
2016-04-27 04:24:52 Error: [MissingControllerException] Controller class CssController could not be found.
Exception Attributes: array (
  'class' => 'CssController',
  'plugin' => NULL,
)
Request URL: /real_estate/css/css/img/gray_jean.png
Stack Trace:
#0 C:\xampp\htdocs\real_estate\app\webroot\index.php(108): Dispatcher->dispatch(Object(CakeRequest), Object(CakeResponse))
#1 {main}
2016-04-27 04:24:53 Error: [MissingActionException] Action PropertiesController::view() could not be found.
Exception Attributes: array (
  'controller' => 'PropertiesController',
  'action' => 'view',
)
Request URL: /real_estate/properties/view/1
Stack Trace:
#0 C:\xampp\htdocs\real_estate\lib\Cake\Routing\Dispatcher.php(191): Controller->invokeAction(Object(CakeRequest))
#1 C:\xampp\htdocs\real_estate\lib\Cake\Routing\Dispatcher.php(165): Dispatcher->_invoke(Object(PropertiesController), Object(CakeRequest))
#2 C:\xampp\htdocs\real_estate\app\webroot\index.php(108): Dispatcher->dispatch(Object(CakeRequest), Object(CakeResponse))
#3 {main}
2016-04-27 04:24:54 Error: [MissingControllerException] Controller class CssController could not be found.
Exception Attributes: array (
  'class' => 'CssController',
  'plugin' => NULL,
)
Request URL: /real_estate/css/css/img/gray_jean.png
Stack Trace:
#0 C:\xampp\htdocs\real_estate\app\webroot\index.php(108): Dispatcher->dispatch(Object(CakeRequest), Object(CakeResponse))
#1 {main}
2016-04-27 04:26:53 Error: [MissingControllerException] Controller class CssController could not be found.
Exception Attributes: array (
  'class' => 'CssController',
  'plugin' => NULL,
)
Request URL: /real_estate/css/css/img/gray_jean.png
Stack Trace:
#0 C:\xampp\htdocs\real_estate\app\webroot\index.php(108): Dispatcher->dispatch(Object(CakeRequest), Object(CakeResponse))
#1 {main}
2016-04-27 05:10:47 Error: [MissingControllerException] Controller class CssController could not be found.
Exception Attributes: array (
  'class' => 'CssController',
  'plugin' => NULL,
)
Request URL: /real_estate/css/css/img/gray_jean.png
Stack Trace:
#0 C:\xampp\htdocs\real_estate\app\webroot\index.php(108): Dispatcher->dispatch(Object(CakeRequest), Object(CakeResponse))
#1 {main}
2016-04-27 05:11:30 Error: [MissingControllerException] Controller class CssController could not be found.
Exception Attributes: array (
  'class' => 'CssController',
  'plugin' => NULL,
)
Request URL: /real_estate/css/css/img/gray_jean.png
Stack Trace:
#0 C:\xampp\htdocs\real_estate\app\webroot\index.php(108): Dispatcher->dispatch(Object(CakeRequest), Object(CakeResponse))
#1 {main}
2016-04-27 05:11:33 Error: [MissingControllerException] Controller class CssController could not be found.
Exception Attributes: array (
  'class' => 'CssController',
  'plugin' => NULL,
)
Request URL: /real_estate/css/css/img/gray_jean.png
Stack Trace:
#0 C:\xampp\htdocs\real_estate\app\webroot\index.php(108): Dispatcher->dispatch(Object(CakeRequest), Object(CakeResponse))
#1 {main}
2016-04-27 05:16:16 Error: [MissingControllerException] Controller class CssController could not be found.
Exception Attributes: array (
  'class' => 'CssController',
  'plugin' => NULL,
)
Request URL: /real_estate/css/css/img/gray_jean.png
Stack Trace:
#0 C:\xampp\htdocs\real_estate\app\webroot\index.php(108): Dispatcher->dispatch(Object(CakeRequest), Object(CakeResponse))
#1 {main}
2016-04-27 05:19:16 Error: [MissingControllerException] Controller class CssController could not be found.
Exception Attributes: array (
  'class' => 'CssController',
  'plugin' => NULL,
)
Request URL: /real_estate/css/css/img/gray_jean.png
Stack Trace:
#0 C:\xampp\htdocs\real_estate\app\webroot\index.php(108): Dispatcher->dispatch(Object(CakeRequest), Object(CakeResponse))
#1 {main}
2016-04-27 05:21:21 Error: Fatal Error (4): syntax error, unexpected 'belongsTo' (T_STRING), expecting variable (T_VARIABLE) in [C:\xampp\htdocs\real_estate\app\Model\Property.php, line 4]
2016-04-27 05:21:21 Error: [FatalErrorException] syntax error, unexpected 'belongsTo' (T_STRING), expecting variable (T_VARIABLE)
Request URL: /real_estate/
Stack Trace:
#0 C:\xampp\htdocs\real_estate\lib\Cake\Error\ErrorHandler.php(204): ErrorHandler::handleFatalError(4, 'syntax error, u...', 'C:\\xampp\\htdocs...', 4)
#1 [internal function]: ErrorHandler::handleError(4, 'syntax error, u...', 'C:\\xampp\\htdocs...', 4, Array)
#2 C:\xampp\htdocs\real_estate\lib\Cake\Core\App.php(929): call_user_func('ErrorHandler::h...', 4, 'syntax error, u...', 'C:\\xampp\\htdocs...', 4, Array)
#3 C:\xampp\htdocs\real_estate\lib\Cake\Core\App.php(902): App::_checkFatalError()
#4 [internal function]: App::shutdown()
#5 {main}
2016-04-27 05:21:22 Error: [MissingControllerException] Controller class CssController could not be found.
Exception Attributes: array (
  'class' => 'CssController',
  'plugin' => NULL,
)
Request URL: /real_estate/css/css/img/gray_jean.png
Stack Trace:
#0 C:\xampp\htdocs\real_estate\app\webroot\index.php(108): Dispatcher->dispatch(Object(CakeRequest), Object(CakeResponse))
#1 {main}
2016-04-27 05:23:18 Error: [MissingTableException] Table types for model Type was not found in datasource default.
Exception Attributes: array (
  'table' => 'types',
  'class' => 'Type',
  'ds' => 'default',
)
Request URL: /real_estate/
Stack Trace:
#0 C:\xampp\htdocs\real_estate\lib\Cake\Model\Model.php(3504): Model->setSource('types')
#1 C:\xampp\htdocs\real_estate\lib\Cake\Model\Model.php(1357): Model->getDataSource()
#2 C:\xampp\htdocs\real_estate\lib\Cake\Model\Datasource\DboSource.php(2494): Model->schema()
#3 C:\xampp\htdocs\real_estate\lib\Cake\Model\Datasource\DboSource.php(1719): DboSource->fields(Object(AppModel), 'Type', '')
#4 C:\xampp\htdocs\real_estate\lib\Cake\Model\Datasource\DboSource.php(1093): DboSource->generateAssociationQuery(Object(Property), Object(AppModel), 'belongsTo', 'Type', Array, Array, false)
#5 C:\xampp\htdocs\real_estate\lib\Cake\Model\Model.php(2905): DboSource->read(Object(Property), Array)
#6 C:\xampp\htdocs\real_estate\lib\Cake\Model\Model.php(2877): Model->_readDataSource('all', Array)
#7 C:\xampp\htdocs\real_estate\app\Controller\PropertiesController.php(13): Model->find('all', Array)
#8 [internal function]: PropertiesController->index('home')
#9 C:\xampp\htdocs\real_estate\lib\Cake\Controller\Controller.php(490): ReflectionMethod->invokeArgs(Object(PropertiesController), Array)
#10 C:\xampp\htdocs\real_estate\lib\Cake\Routing\Dispatcher.php(191): Controller->invokeAction(Object(CakeRequest))
#11 C:\xampp\htdocs\real_estate\lib\Cake\Routing\Dispatcher.php(165): Dispatcher->_invoke(Object(PropertiesController), Object(CakeRequest))
#12 C:\xampp\htdocs\real_estate\app\webroot\index.php(108): Dispatcher->dispatch(Object(CakeRequest), Object(CakeResponse))
#13 {main}
2016-04-27 05:23:18 Error: [MissingControllerException] Controller class CssController could not be found.
Exception Attributes: array (
  'class' => 'CssController',
  'plugin' => NULL,
)
Request URL: /real_estate/css/css/img/gray_jean.png
Stack Trace:
#0 C:\xampp\htdocs\real_estate\app\webroot\index.php(108): Dispatcher->dispatch(Object(CakeRequest), Object(CakeResponse))
#1 {main}
2016-04-27 05:23:46 Error: [MissingControllerException] Controller class CssController could not be found.
Exception Attributes: array (
  'class' => 'CssController',
  'plugin' => NULL,
)
Request URL: /real_estate/css/css/img/gray_jean.png
Stack Trace:
#0 C:\xampp\htdocs\real_estate\app\webroot\index.php(108): Dispatcher->dispatch(Object(CakeRequest), Object(CakeResponse))
#1 {main}
